<?xml version="1.0" encoding="UTF-8"?>
<coverage generated="1695823678311" clover="3.2.0">
  <project timestamp="1695823678311" name="All files">
    <metrics statements="6" coveredstatements="5" conditionals="1" coveredconditionals="1" methods="1" coveredmethods="1" elements="8" coveredelements="7" complexity="0" loc="6" ncloc="6" packages="1" files="1" classes="1"/>
    <file name="sign-up.ts" path="C:\Users\LENOVO\Documents\estudos\src\presentation\controllers\sign-up\sign-up.ts">
      <metrics statements="6" coveredstatements="5" conditionals="1" coveredconditionals="1" methods="1" coveredmethods="1"/>
      <line num="1" count="1" type="stmt"/>
      <line num="3" count="3" type="stmt"/>
      <line num="4" count="3" type="stmt"/>
      <line num="5" count="6" type="cond" truecount="1" falsecount="0"/>
      <line num="6" count="3" type="stmt"/>
      <line num="11" count="0" type="stmt"/>
    </file>
  </project>
</coverage>
