{"C:\\Users\\LENOVO\\Documents\\estudos\\src\\presentation\\controllers\\sign-up\\sign-up.ts": {"path":"C:\\Users\\LENOVO\\Documents\\estudos\\src\\presentation\\controllers\\sign-up\\sign-up.ts","statementMap":{"0":{"start":{"line":3,"column":8},"end":{"line":5,"column":10}},"1":{"start":{"line":1,"column":0},"end":{"line":1,"column":13}}},"fnMap":{"0":{"name":"(anonymous_0)","decl":{"start":{"line":2,"column":4},"end":{"line":2,"column":10}},"loc":{"start":{"line":2,"column":27},"end":{"line":6,"column":5}}}},"branchMap":{},"s":{"0":1,"1":1},"f":{"0":1},"b":{}}
}
