TN:
SF:src\presentation\controllers\sign-up\sign-up.ts
FN:5,(anonymous_0)
FNF:1
FNH:1
FNDA:3,(anonymous_0)
DA:1,1
DA:2,1
DA:4,1
DA:6,3
DA:7,3
DA:8,6
DA:9,3
DA:12,0
LF:8
LH:7
BRDA:8,0,0,3
BRF:1
BRH:1
end_of_record
TN:
SF:src\presentation\exceptions\missing-param-exception.ts
FN:2,(anonymous_0)
FNF:1
FNH:1
FNDA:6,(anonymous_0)
DA:1,1
DA:3,6
LF:2
LH:2
BRF:0
BRH:0
end_of_record
TN:
SF:src\presentation\helpers\http-helper.ts
FN:1,(anonymous_0)
FN:8,(anonymous_1)
FNF:2
FNH:1
FNDA:3,(anonymous_0)
FNDA:0,(anonymous_1)
DA:1,1
DA:2,3
DA:8,1
DA:9,0
LF:4
LH:3
BRF:0
BRH:0
end_of_record
