TN:
SF:src\presentation\controllers\signup.ts
FN:5,handle
FNF:1
FNH:1
FNDA:2,handle
DA:1,1
DA:2,1
DA:3,1
DA:4,1
DA:5,1
DA:6,2
DA:7,2
DA:8,3
DA:9,2
DA:10,2
DA:11,3
DA:12,0
DA:13,1
LF:13
LH:12
BRDA:5,0,0,2
BRDA:7,1,0,3
BRDA:8,2,0,2
BRDA:12,3,0,0
BRF:4
BRH:3
end_of_record
TN:
SF:src\presentation\errors\missinparamserror.ts
FN:2,MissingParamsError
FNF:1
FNH:1
FNDA:4,MissingParamsError
DA:1,1
DA:2,1
DA:3,4
DA:4,4
DA:5,4
DA:6,1
LF:6
LH:6
BRDA:2,0,0,4
BRF:1
BRH:1
end_of_record
TN:
SF:src\presentation\helpers\http.help.ts
FN:2,badRequest
FNF:1
FNH:1
FNDA:2,badRequest
DA:1,1
DA:2,1
DA:3,2
DA:4,2
DA:5,2
DA:6,2
DA:7,2
LF:7
LH:7
BRDA:2,0,0,2
BRF:1
BRH:1
end_of_record
TN:
SF:src\protocols\http.ts
FN:1,(empty-report)
FNF:1
FNH:0
FNDA:0,(empty-report)
DA:1,0
DA:2,0
DA:3,0
DA:4,0
DA:5,0
DA:6,0
DA:7,0
LF:7
LH:0
BRDA:1,0,0,0
BRF:1
BRH:0
end_of_record
